MPASM  5.35                          JOGO.ASM   11-21-2019  18:22:05         PAGE  1


LOC  OBJECT CODE     LINE SOURCE TEXT
  VALUE

                      00001 #INCLUDE <P16F628A.INC>         ;ARQUIVO PADRÃO MICROCHIP PARA 16F628A
                      00001         LIST
                      00002 ; P16F628A.INC  Standard Header File, Version 1.10    Microchip Technology, Inc.
                      00265         LIST
                      00266 
Warning[205]: Found directive in column 1. (RADIX)
                      00002 RADIX DEC
Warning[205]: Found directive in column 1. (__CONFIG)
2007   3F10           00003 __CONFIG H'3F10'
                      00004 
                      00005         CBLOCK  0x20    ;ENDEREÇO INICIAL DA MEMÓRIA DE USUÁRIO
  00000020            00006         CONTADOR1
  00000021            00007         CONTADOR2
  00000022            00008         CONTADOR3
                      00009         ENDC                    ;FIM DO BLOCO DE MEMÓRIA                
                      00010 
                      00011 #DEFINE BOTAO   PORTA,2 ;PORTA DO BOTÃO
                      00012                                         ; 0 -> PRESSIONADO
                      00013                                         ; 1 -> LIBERADO
                      00014 
                      00015 #DEFINE LED1    PORTB,0 ;PORTA DO LED 0 -> APAGADO 1 -> ACESO
                      00016 #DEFINE LED2    PORTB,1 ;PORTA DO LED 0 -> APAGADO 1 -> ACESO
                      00017 #DEFINE LED3    PORTB,2 ;PORTA DO LED 0 -> APAGADO 1 -> ACESO
                      00018 #DEFINE LED4    PORTB,3 ;PORTA DO LED 0 -> APAGADO 1 -> ACESO
                      00019 #DEFINE LED5    PORTB,4 ;PORTA DO LED 0 -> APAGADO 1 -> ACESO
                      00020 #DEFINE LED6    PORTB,5 ;PORTA DO LED 0 -> APAGADO 1 -> ACESO
                      00021 
0000                  00022         ORG     0x00            ;ENDEREÇO INICIAL DE PROCESSAMENTO
0000   2801           00023         GOTO    INICIO
                      00024         
0001                  00025 INICIO
0001   0185           00026         CLRF    PORTA           ;LIMPA O PORTA
0002   0186           00027         CLRF    PORTB           ;LIMPA O PORTB
0003   1683           00028         BSF STATUS, RP0                 ;ALTERA PARA O BANCO 1
0004   3004           00029         MOVLW   B'00000100'
Message[302]: Register in operand not in bank 0.  Ensure that bank bits are correct.
0005   0085           00030         MOVWF   TRISA           ;DEFINE RA2 COMO ENTRADA E DEMAIS COMO SAÍDAS
Message[302]: Register in operand not in bank 0.  Ensure that bank bits are correct.
0006   0186           00031         CLRF    TRISB           ;DEFINE TODO O PORTB COMO SAÍDA
0007   018B           00032         CLRF    INTCON          ;TODAS AS INTERRUPÇÕES DESLIGADAS       
0008   1283           00033         BCF STATUS, RP0 ;RETORNA PARA O BANCO 0
0009   3007           00034         MOVLW   B'00000111'
000A   009F           00035         MOVWF   CMCON           ;DEFINE O MODO DO COMPARADOR ANALÓGICO
                      00036 
000B                  00037 MAIN
000B   200D           00038         CALL TIMEOUT
000C   280B           00039         GOTO MAIN
                      00040         
Warning[207]: Found label after column 1. (TIMEOUT)
000D                  00041         TIMEOUT
                      00042                 
000D   3006           00043                 MOVLW 6
000E   00A0           00044                 MOVWF CONTADOR1
MPASM  5.35                          JOGO.ASM   11-21-2019  18:22:05         PAGE  2


LOC  OBJECT CODE     LINE SOURCE TEXT
  VALUE

000F   201B           00045                 CALL TTTT
                      00046                 
Warning[207]: Found label after column 1. (ATRASO1)
0010                  00047                 ATRASO1
0010   30FA           00048                         MOVLW 250
0011   00A1           00049                         MOVWF CONTADOR2
                      00050                                 
Warning[207]: Found label after column 1. (ATRASO2)
0012                  00051                                 ATRASO2
0012   30DD           00052                                         MOVLW 221
0013   00A2           00053                                         MOVWF CONTADOR3
                      00054                                                 
Warning[207]: Found label after column 1. (ATRASO3)
0014                  00055                                         ATRASO3
Message[305]: Using default destination of 1 (file).
0014   0BA2           00056                                                 DECFSZ CONTADOR3
0015   2814           00057                                                 GOTO ATRASO3
                      00058                                 
Message[305]: Using default destination of 1 (file).
0016   0BA1           00059                                 DECFSZ CONTADOR2
0017   2812           00060                                 GOTO ATRASO2
                      00061                 
Message[305]: Using default destination of 1 (file).
0018   0BA0           00062                 DECFSZ CONTADOR1
0019   2810           00063                 GOTO ATRASO1
                      00064 
001A   0008           00065         RETURN 
                      00066         
                      00067 
Warning[207]: Found label after column 1. (TTTT)
001B                  00068         TTTT
001B   0008           00069         RETURN
                      00070         
                      00071 
                      00072         END                     ;OBRIGATÓRIO
MPASM  5.35                          JOGO.ASM   11-21-2019  18:22:05         PAGE  3


SYMBOL TABLE
  LABEL                             VALUE 

ADEN                              00000003
ATRASO1                           00000010
ATRASO2                           00000012
ATRASO3                           00000014
BOTAO                             PORTA,2
BRGH                              00000002
C                                 00000000
C1INV                             00000004
C1OUT                             00000006
C2INV                             00000005
C2OUT                             00000007
CCP1CON                           00000017
CCP1IE                            00000002
CCP1IF                            00000002
CCP1M0                            00000000
CCP1M1                            00000001
CCP1M2                            00000002
CCP1M3                            00000003
CCP1X                             00000005
CCP1Y                             00000004
CCPR1H                            00000016
CCPR1L                            00000015
CIS                               00000003
CM0                               00000000
CM1                               00000001
CM2                               00000002
CMCON                             0000001F
CMIE                              00000006
CMIF                              00000006
CONTADOR1                         00000020
CONTADOR2                         00000021
CONTADOR3                         00000022
CREN                              00000004
CSRC                              00000007
DC                                00000001
EEADR                             0000009B
EECON1                            0000009C
EECON2                            0000009D
EEDATA                            0000009A
EEIE                              00000007
EEIF                              00000007
F                                 00000001
FERR                              00000002
FSR                               00000004
GIE                               00000007
INDF                              00000000
INICIO                            00000001
INTCON                            0000000B
INTE                              00000004
INTEDG                            00000006
INTF                              00000001
IRP                               00000007
LED1                              PORTB,0
MPASM  5.35                          JOGO.ASM   11-21-2019  18:22:05         PAGE  4


SYMBOL TABLE
  LABEL                             VALUE 

LED2                              PORTB,1
LED3                              PORTB,2
LED4                              PORTB,3
LED5                              PORTB,4
LED6                              PORTB,5
MAIN                              0000000B
NOT_BO                            00000000
NOT_BOD                           00000000
NOT_BOR                           00000000
NOT_PD                            00000003
NOT_POR                           00000001
NOT_RBPU                          00000007
NOT_T1SYNC                        00000002
NOT_TO                            00000004
OERR                              00000001
OPTION_REG                        00000081
OSCF                              00000003
PCL                               00000002
PCLATH                            0000000A
PCON                              0000008E
PEIE                              00000006
PIE1                              0000008C
PIR1                              0000000C
PORTA                             00000005
PORTB                             00000006
PR2                               00000092
PS0                               00000000
PS1                               00000001
PS2                               00000002
PSA                               00000003
RBIE                              00000003
RBIF                              00000000
RCIE                              00000005
RCIF                              00000005
RCREG                             0000001A
RCSTA                             00000018
RD                                00000000
RP0                               00000005
RP1                               00000006
RX9                               00000006
RX9D                              00000000
SPBRG                             00000099
SPEN                              00000007
SREN                              00000005
STATUS                            00000003
SYNC                              00000004
T0CS                              00000005
T0IE                              00000005
T0IF                              00000002
T0SE                              00000004
T1CKPS0                           00000004
T1CKPS1                           00000005
T1CON                             00000010
MPASM  5.35                          JOGO.ASM   11-21-2019  18:22:05         PAGE  5


SYMBOL TABLE
  LABEL                             VALUE 

T1OSCEN                           00000003
T2CKPS0                           00000000
T2CKPS1                           00000001
T2CON                             00000012
TIMEOUT                           0000000D
TMR0                              00000001
TMR1CS                            00000001
TMR1H                             0000000F
TMR1IE                            00000000
TMR1IF                            00000000
TMR1L                             0000000E
TMR1ON                            00000000
TMR2                              00000011
TMR2IE                            00000001
TMR2IF                            00000001
TMR2ON                            00000002
TOUTPS0                           00000003
TOUTPS1                           00000004
TOUTPS2                           00000005
TOUTPS3                           00000006
TRISA                             00000085
TRISB                             00000086
TRMT                              00000001
TTTT                              0000001B
TX9                               00000006
TX9D                              00000000
TXEN                              00000005
TXIE                              00000004
TXIF                              00000004
TXREG                             00000019
TXSTA                             00000098
VR0                               00000000
VR1                               00000001
VR2                               00000002
VR3                               00000003
VRCON                             0000009F
VREN                              00000007
VROE                              00000006
VRR                               00000005
W                                 00000000
WR                                00000001
WREN                              00000002
WRERR                             00000003
Z                                 00000002
_BODEN_OFF                        00003FBF
_BODEN_ON                         00003FFF
_BOREN_OFF                        00003FBF
_BOREN_ON                         00003FFF
_CP_OFF                           00003FFF
_CP_ON                            00001FFF
_DATA_CP_OFF                      00003FFF
_DATA_CP_ON                       00003EFF
_ER_OSC_CLKOUT                    00003FFF
MPASM  5.35                          JOGO.ASM   11-21-2019  18:22:05         PAGE  6


SYMBOL TABLE
  LABEL                             VALUE 

_ER_OSC_NOCLKOUT                  00003FFE
_EXTCLK_OSC                       00003FEF
_HS_OSC                           00003FEE
_INTOSC_OSC_CLKOUT                00003FFD
_INTOSC_OSC_NOCLKOUT              00003FFC
_INTRC_OSC_CLKOUT                 00003FFD
_INTRC_OSC_NOCLKOUT               00003FFC
_LP_OSC                           00003FEC
_LVP_OFF                          00003F7F
_LVP_ON                           00003FFF
_MCLRE_OFF                        00003FDF
_MCLRE_ON                         00003FFF
_PWRTE_OFF                        00003FFF
_PWRTE_ON                         00003FF7
_RC_OSC_CLKOUT                    00003FFF
_RC_OSC_NOCLKOUT                  00003FFE
_WDT_OFF                          00003FFB
_WDT_ON                           00003FFF
_XT_OSC                           00003FED
__16F628A                         00000001
__DEBUG                           1


MEMORY USAGE MAP ('X' = Used,  '-' = Unused)

0000 : XXXXXXXXXXXXXXXX XXXXXXXXXXXX---- ---------------- ----------------
2000 : -------X-------- ---------------- ---------------- ----------------

All other memory blocks unused.

Program Memory Words Used:    28
Program Memory Words Free:  2020


Errors   :     0
Warnings :     7 reported,     0 suppressed
Messages :     5 reported,     0 suppressed

