Warning[205] C:\USERS\1135188\DOWNLOADS\CSFORTHEWIN\LAB AC\ASSEMBLY\RELATORIOFINAL\JOGO.ASM 2 : Found directive in column 1. (RADIX)
Warning[205] C:\USERS\1135188\DOWNLOADS\CSFORTHEWIN\LAB AC\ASSEMBLY\RELATORIOFINAL\JOGO.ASM 3 : Found directive in column 1. (__CONFIG)
Message[302] C:\USERS\1135188\DOWNLOADS\CSFORTHEWIN\LAB AC\ASSEMBLY\RELATORIOFINAL\JOGO.ASM 31 : Register in operand not in bank 0.  Ensure that bank bits are correct.
Message[302] C:\USERS\1135188\DOWNLOADS\CSFORTHEWIN\LAB AC\ASSEMBLY\RELATORIOFINAL\JOGO.ASM 32 : Register in operand not in bank 0.  Ensure that bank bits are correct.
Warning[207] C:\USERS\1135188\DOWNLOADS\CSFORTHEWIN\LAB AC\ASSEMBLY\RELATORIOFINAL\JOGO.ASM 42 : Found label after column 1. (TIMEOUT)
Warning[207] C:\USERS\1135188\DOWNLOADS\CSFORTHEWIN\LAB AC\ASSEMBLY\RELATORIOFINAL\JOGO.ASM 50 : Found label after column 1. (ATRASO1)
Warning[207] C:\USERS\1135188\DOWNLOADS\CSFORTHEWIN\LAB AC\ASSEMBLY\RELATORIOFINAL\JOGO.ASM 54 : Found label after column 1. (ATRASO2)
Warning[207] C:\USERS\1135188\DOWNLOADS\CSFORTHEWIN\LAB AC\ASSEMBLY\RELATORIOFINAL\JOGO.ASM 58 : Found label after column 1. (ATRASO3)
Warning[207] C:\USERS\1135188\DOWNLOADS\CSFORTHEWIN\LAB AC\ASSEMBLY\RELATORIOFINAL\JOGO.ASM 62 : Found label after column 1. (ATRASOBUTAO)
Message[305] C:\USERS\1135188\DOWNLOADS\CSFORTHEWIN\LAB AC\ASSEMBLY\RELATORIOFINAL\JOGO.ASM 63 : Using default destination of 1 (file).
Message[305] C:\USERS\1135188\DOWNLOADS\CSFORTHEWIN\LAB AC\ASSEMBLY\RELATORIOFINAL\JOGO.ASM 69 : Using default destination of 1 (file).
Message[305] C:\USERS\1135188\DOWNLOADS\CSFORTHEWIN\LAB AC\ASSEMBLY\RELATORIOFINAL\JOGO.ASM 72 : Using default destination of 1 (file).
Message[305] C:\USERS\1135188\DOWNLOADS\CSFORTHEWIN\LAB AC\ASSEMBLY\RELATORIOFINAL\JOGO.ASM 75 : Using default destination of 1 (file).
Warning[207] C:\USERS\1135188\DOWNLOADS\CSFORTHEWIN\LAB AC\ASSEMBLY\RELATORIOFINAL\JOGO.ASM 80 : Found label after column 1. (PREWIN)
Warning[207] C:\USERS\1135188\DOWNLOADS\CSFORTHEWIN\LAB AC\ASSEMBLY\RELATORIOFINAL\JOGO.ASM 89 : Found label after column 1. (FIM)
Warning[207] C:\USERS\1135188\DOWNLOADS\CSFORTHEWIN\LAB AC\ASSEMBLY\RELATORIOFINAL\JOGO.ASM 100 : Found label after column 1. (ATRASO1F)
Warning[207] C:\USERS\1135188\DOWNLOADS\CSFORTHEWIN\LAB AC\ASSEMBLY\RELATORIOFINAL\JOGO.ASM 104 : Found label after column 1. (ATRASO2F)
Warning[207] C:\USERS\1135188\DOWNLOADS\CSFORTHEWIN\LAB AC\ASSEMBLY\RELATORIOFINAL\JOGO.ASM 107 : Found label after column 1. (ATRASO3F)
Message[305] C:\USERS\1135188\DOWNLOADS\CSFORTHEWIN\LAB AC\ASSEMBLY\RELATORIOFINAL\JOGO.ASM 108 : Using default destination of 1 (file).
Message[305] C:\USERS\1135188\DOWNLOADS\CSFORTHEWIN\LAB AC\ASSEMBLY\RELATORIOFINAL\JOGO.ASM 111 : Using default destination of 1 (file).
Message[305] C:\USERS\1135188\DOWNLOADS\CSFORTHEWIN\LAB AC\ASSEMBLY\RELATORIOFINAL\JOGO.ASM 114 : Using default destination of 1 (file).
Warning[207] C:\USERS\1135188\DOWNLOADS\CSFORTHEWIN\LAB AC\ASSEMBLY\RELATORIOFINAL\JOGO.ASM 127 : Found label after column 1. (ONLED)
Warning[207] C:\USERS\1135188\DOWNLOADS\CSFORTHEWIN\LAB AC\ASSEMBLY\RELATORIOFINAL\JOGO.ASM 195 : Found label after column 1. (TESTE)
Warning[207] C:\USERS\1135188\DOWNLOADS\CSFORTHEWIN\LAB AC\ASSEMBLY\RELATORIOFINAL\JOGO.ASM 202 : Found label after column 1. (GAME)
Warning[207] C:\USERS\1135188\DOWNLOADS\CSFORTHEWIN\LAB AC\ASSEMBLY\RELATORIOFINAL\JOGO.ASM 207 : Found label after column 1. (END1)
